<?xml version="1.0" encoding="UTF-8"?>
<testng-results ignored="0" total="0" passed="0" failed="0" skipped="0">
  <reporter-output>
  </reporter-output>
  <suite started-at="2022-12-07T13:03:19 IST" name="Medrefill Web App" finished-at="2022-12-07T13:03:19 IST" duration-ms="15">
    <groups>
    </groups>
    <test started-at="2022-12-07T13:03:19 IST" name="Test" finished-at="2022-12-07T13:03:19 IST" duration-ms="15">
      <class name="com.medevantage.medrefill.base.BaseClass">
        <test-method is-config="true" signature="setupBrowser(java.lang.String)[pri:0, instance:com.medevantage.medrefill.base.BaseClass@1da2cb77]" started-at="2022-12-07T13:03:19 IST" name="setupBrowser" finished-at="1970-01-01T05:30:00 IST" duration-ms="-1670398399664" status="FAIL">
          <exception class="org.testng.TestNGException">
            <message>
              <![CDATA[
Parameter 'browser' is required by BeforeSuite on method setupBrowser but has not been marked @Optional or defined
in C:\Users\Admin\eclipse-workspace\com.medevantage.medrefill\testng.xml]]>
            </message>
            <full-stacktrace>
              <![CDATA[org.testng.TestNGException: 
Parameter 'browser' is required by BeforeSuite on method setupBrowser but has not been marked @Optional or defined
in C:\Users\Admin\eclipse-workspace\com.medevantage.medrefill\testng.xml
at org.testng.internal.Parameters.createParams(Parameters.java:270)
at org.testng.internal.Parameters.createParametersForMethod(Parameters.java:358)
at org.testng.internal.Parameters.createParameters(Parameters.java:700)
at org.testng.internal.Parameters.createConfigurationParameters(Parameters.java:168)
at org.testng.internal.ConfigInvoker.invokeConfigurations(ConfigInvoker.java:302)
at org.testng.SuiteRunner.privateRun(SuiteRunner.java:317)
at org.testng.SuiteRunner.run(SuiteRunner.java:276)
at org.testng.SuiteRunnerWorker.runSuite(SuiteRunnerWorker.java:53)
at org.testng.SuiteRunnerWorker.run(SuiteRunnerWorker.java:96)
at org.testng.TestNG.runSuitesSequentially(TestNG.java:1212)
at org.testng.TestNG.runSuitesLocally(TestNG.java:1134)
at org.testng.TestNG.runSuites(TestNG.java:1063)
at org.testng.TestNG.run(TestNG.java:1031)
at org.testng.remote.AbstractRemoteTestNG.run(AbstractRemoteTestNG.java:115)
at org.testng.remote.RemoteTestNG.initAndRun(RemoteTestNG.java:251)
at org.testng.remote.RemoteTestNG.main(RemoteTestNG.java:77)
]]>
            </full-stacktrace>
          </exception> <!-- org.testng.TestNGException -->
          <reporter-output>
          </reporter-output>
        </test-method> <!-- setupBrowser -->
        <test-method is-config="true" signature="teardown()[pri:0, instance:com.medevantage.medrefill.base.BaseClass@1da2cb77]" started-at="2022-12-07T13:03:19 IST" name="teardown" finished-at="1970-01-01T05:30:00 IST" duration-ms="-1670398399854" status="SKIP">
          <reporter-output>
          </reporter-output>
        </test-method> <!-- teardown -->
      </class> <!-- com.medevantage.medrefill.base.BaseClass -->
    </test> <!-- Test -->
  </suite> <!-- Medrefill Web App -->
</testng-results>
