<?xml version="1.0" encoding="UTF-8"?>
<testng-results ignored="12" total="18" passed="6" failed="0" skipped="0">
  <reporter-output>
  </reporter-output>
  <suite started-at="2022-12-16T12:33:56 IST" name="Medrefill Web App" finished-at="2022-12-16T12:35:45 IST" duration-ms="109317">
    <groups>
    </groups>
    <test started-at="2022-12-16T12:33:56 IST" name="Request Prescription Refill" finished-at="2022-12-16T12:34:46 IST" duration-ms="50159">
      <class name="com.medevantage.medrefill.testCase.VerifyOTP_Test">
        <test-method signature="enterYourOTP()[pri:0, instance:com.medevantage.medrefill.testCase.VerifyOTP_Test@2f67b837]" started-at="2022-12-16T12:34:26 IST" name="enterYourOTP" finished-at="2022-12-16T12:34:38 IST" duration-ms="11912" status="PASS">
          <reporter-output>
          </reporter-output>
        </test-method> <!-- enterYourOTP -->
      </class> <!-- com.medevantage.medrefill.testCase.VerifyOTP_Test -->
      <class name="com.medevantage.medrefill.testCase.PatientVerification_Test">
        <test-method signature="patientVerification()[pri:0, instance:com.medevantage.medrefill.testCase.PatientVerification_Test@1fc32e4f]" started-at="2022-12-16T12:34:15 IST" name="patientVerification" finished-at="2022-12-16T12:34:26 IST" duration-ms="11246" status="PASS">
          <reporter-output>
          </reporter-output>
        </test-method> <!-- patientVerification -->
      </class> <!-- com.medevantage.medrefill.testCase.PatientVerification_Test -->
      <class name="com.medevantage.medrefill.base.BaseClass">
        <test-method is-config="true" signature="setupBrowser()[pri:0, instance:com.medevantage.medrefill.base.BaseClass@15713d56]" started-at="2022-12-16T12:33:56 IST" name="setupBrowser" finished-at="2022-12-16T12:34:15 IST" duration-ms="18549" status="PASS">
          <reporter-output>
          </reporter-output>
        </test-method> <!-- setupBrowser -->
        <test-method is-config="true" signature="teardown()[pri:0, instance:com.medevantage.medrefill.base.BaseClass@15713d56]" started-at="2022-12-16T12:34:46 IST" name="teardown" finished-at="2022-12-16T12:34:46 IST" duration-ms="555" status="PASS">
          <reporter-output>
          </reporter-output>
        </test-method> <!-- teardown -->
      </class> <!-- com.medevantage.medrefill.base.BaseClass -->
      <class name="com.medevantage.medrefill.testCase.RequestPrescriptionRefill_Test">
        <test-method signature="requestPrescriptionRefill()[pri:0, instance:com.medevantage.medrefill.testCase.RequestPrescriptionRefill_Test@1869fbd2]" started-at="2022-12-16T12:34:38 IST" name="requestPrescriptionRefill" finished-at="2022-12-16T12:34:46 IST" duration-ms="7812" status="PASS">
          <reporter-output>
          </reporter-output>
        </test-method> <!-- requestPrescriptionRefill -->
      </class> <!-- com.medevantage.medrefill.testCase.RequestPrescriptionRefill_Test -->
    </test> <!-- Request Prescription Refill -->
    <test started-at="2022-12-16T12:34:47 IST" name="Message Your Provider" finished-at="2022-12-16T12:35:45 IST" duration-ms="58481">
      <class name="com.medevantage.medrefill.testCase.MessagYourProvider_Test">
        <test-method signature="messageYourProvider()[pri:0, instance:com.medevantage.medrefill.testCase.MessagYourProvider_Test@36328d33]" started-at="2022-12-16T12:35:34 IST" name="messageYourProvider" finished-at="2022-12-16T12:35:45 IST" duration-ms="11171" status="PASS">
          <reporter-output>
          </reporter-output>
        </test-method> <!-- messageYourProvider -->
      </class> <!-- com.medevantage.medrefill.testCase.MessagYourProvider_Test -->
      <class name="com.medevantage.medrefill.testCase.VerifyOTP_Test">
        <test-method signature="enterYourOTP()[pri:0, instance:com.medevantage.medrefill.testCase.VerifyOTP_Test@c94fd30]" started-at="2022-12-16T12:35:21 IST" name="enterYourOTP" finished-at="2022-12-16T12:35:34 IST" duration-ms="13253" status="PASS">
          <reporter-output>
          </reporter-output>
        </test-method> <!-- enterYourOTP -->
      </class> <!-- com.medevantage.medrefill.testCase.VerifyOTP_Test -->
      <class name="com.medevantage.medrefill.testCase.PatientVerification_Test">
        <test-method signature="patientVerification()[pri:0, instance:com.medevantage.medrefill.testCase.PatientVerification_Test@76f4b65]" started-at="2022-12-16T12:35:09 IST" name="patientVerification" finished-at="2022-12-16T12:35:21 IST" duration-ms="11292" status="PASS">
          <reporter-output>
          </reporter-output>
        </test-method> <!-- patientVerification -->
      </class> <!-- com.medevantage.medrefill.testCase.PatientVerification_Test -->
      <class name="com.medevantage.medrefill.base.BaseClass">
        <test-method is-config="true" signature="setupBrowser()[pri:0, instance:com.medevantage.medrefill.base.BaseClass@34c01041]" started-at="2022-12-16T12:34:47 IST" name="setupBrowser" finished-at="2022-12-16T12:35:09 IST" duration-ms="22317" status="PASS">
          <reporter-output>
          </reporter-output>
        </test-method> <!-- setupBrowser -->
        <test-method is-config="true" signature="teardown()[pri:0, instance:com.medevantage.medrefill.base.BaseClass@34c01041]" started-at="2022-12-16T12:35:45 IST" name="teardown" finished-at="2022-12-16T12:35:45 IST" duration-ms="436" status="PASS">
          <reporter-output>
          </reporter-output>
        </test-method> <!-- teardown -->
      </class> <!-- com.medevantage.medrefill.base.BaseClass -->
    </test> <!-- Message Your Provider -->
  </suite> <!-- Medrefill Web App -->
</testng-results>
