<?xml version="1.0" encoding="UTF-8"?>
<testng-results ignored="0" total="1" passed="1" failed="0" skipped="0">
  <reporter-output>
  </reporter-output>
  <suite started-at="2022-06-11T15:00:28 IST" name="Default suite" finished-at="2022-06-11T15:00:44 IST" duration-ms="16298">
    <groups>
    </groups>
    <test started-at="2022-06-11T15:00:28 IST" name="Default test" finished-at="2022-06-11T15:00:44 IST" duration-ms="16298">
      <class name="testCase.LoginPageTest">
        <test-method signature="login()[pri:0, instance:testCase.LoginPageTest@7e5afaa6]" started-at="2022-06-11T15:00:28 IST" name="login" finished-at="2022-06-11T15:00:44 IST" duration-ms="16232" status="PASS">
          <reporter-output>
          </reporter-output>
        </test-method> <!-- login -->
      </class> <!-- testCase.LoginPageTest -->
    </test> <!-- Default test -->
  </suite> <!-- Default suite -->
</testng-results>
